#
# There is insufficient memory for the Java Runtime Environment to continue.
# Native memory allocation (malloc) failed to allocate 32744 bytes for ChunkPool::allocate
# Possible reasons:
#   The system is out of physical RAM or swap space
#   In 32 bit mode, the process size limit was hit
# Possible solutions:
#   Reduce memory load on the system
#   Increase physical memory or swap space
#   Check if swap backing store is full
#   Use 64 bit Java on a 64 bit OS
#   Decrease Java heap size (-Xmx/-Xms)
#   Decrease number of Java threads
#   Decrease Java thread stack sizes (-Xss)
#   Set larger code cache with -XX:ReservedCodeCacheSize=
# This output file may be truncated or incomplete.
#
#  Out of Memory Error (allocation.cpp:273), pid=9248, tid=0x0000000000002c54
#
# JRE version: OpenJDK Runtime Environment (8.0_152-b01) (build 1.8.0_152-release-1248-b01)
# Java VM: OpenJDK 64-Bit Server VM (25.152-b01 mixed mode windows-amd64 compressed oops)
# Failed to write core dump. Minidumps are not enabled by default on client versions of Windows
#

---------------  T H R E A D  ---------------

Current thread (0x0000000016a5b800):  JavaThread "C2 CompilerThread1" daemon [_thread_in_native, id=11348, stack(0x0000000018460000,0x0000000018560000)]

Stack: [0x0000000018460000,0x0000000018560000]
[error occurred during error reporting (printing stack bounds), id 0xc0000005]

Native frames: (J=compiled Java code, j=interpreted, Vv=VM code, C=native code)


Current CompileTask:
C2:  41713 5299       4       java.lang.Class::privateGetMethodRecursive (130 bytes)


---------------  P R O C E S S  ---------------

Java Threads: ( => current thread )
  0x000000001e912000 JavaThread "Build operations Thread 4" [_thread_blocked, id=11296, stack(0x0000000020760000,0x0000000020860000)]
  0x000000001e910800 JavaThread "Build operations Thread 3" [_thread_blocked, id=11176, stack(0x0000000020660000,0x0000000020760000)]
  0x000000001e912800 JavaThread "Build operations Thread 2" [_thread_blocked, id=11564, stack(0x0000000020560000,0x0000000020660000)]
  0x000000001e915800 JavaThread "Build operations" [_thread_blocked, id=13484, stack(0x0000000020460000,0x0000000020560000)]
  0x000000001b0cb800 JavaThread "Cache worker for Artifact transforms cache (C:\Users\min\.gradle\caches\transforms-1)" [_thread_blocked, id=3616, stack(0x000000001ff60000,0x0000000020060000)]
  0x000000001b0c4800 JavaThread "Cache worker for cache directory md-rule (C:\Users\min\.gradle\caches\4.10.1\md-rule)" [_thread_blocked, id=6368, stack(0x000000001fe60000,0x000000001ff60000)]
  0x000000001b0c7000 JavaThread "Cache worker for cache directory md-supplier (C:\Users\min\.gradle\caches\4.10.1\md-supplier)" [_thread_blocked, id=400, stack(0x000000001fac0000,0x000000001fbc0000)]
  0x000000001b0c7800 JavaThread "Cache worker for journal cache (C:\Users\min\.gradle\caches\journal-1)" [_thread_blocked, id=12232, stack(0x000000001e7f0000,0x000000001e8f0000)]
  0x000000001af7a800 JavaThread "Cache worker for file hash cache (D:\elevatorApp\StudyRoomSystem\.gradle\4.10.1\fileHashes)" [_thread_blocked, id=4212, stack(0x000000001d1f0000,0x000000001d2f0000)]
  0x0000000018ae8000 JavaThread "File lock request listener" [_thread_in_native, id=13464, stack(0x000000001c120000,0x000000001c220000)]
  0x0000000017fb2000 JavaThread "Cache worker for file hash cache (C:\Users\min\.gradle\caches\4.10.1\fileHashes)" [_thread_blocked, id=7504, stack(0x000000001c020000,0x000000001c120000)]
  0x0000000017f61000 JavaThread "Stdin handler" [_thread_blocked, id=7272, stack(0x000000001ac10000,0x000000001ad10000)]
  0x0000000017f5f800 JavaThread "Asynchronous log dispatcher for DefaultDaemonConnection: socket connection from /127.0.0.1:8516 to /127.0.0.1:8517" [_thread_blocked, id=3908, stack(0x000000001ab10000,0x000000001ac10000)]
  0x0000000017e5a000 JavaThread "Daemon worker" [_thread_in_vm, id=12540, stack(0x000000001aa10000,0x000000001ab10000)]
  0x0000000017e81000 JavaThread "Cancel handler" [_thread_blocked, id=14500, stack(0x000000001a910000,0x000000001aa10000)]
  0x0000000018c34000 JavaThread "Handler for socket connection from /127.0.0.1:8516 to /127.0.0.1:8517" [_thread_in_native, id=13704, stack(0x000000001a610000,0x000000001a710000)]
  0x0000000017f6b000 JavaThread "Daemon" [_thread_blocked, id=13176, stack(0x000000001a510000,0x000000001a610000)]
  0x0000000018c41000 JavaThread "Daemon periodic checks" [_thread_blocked, id=3628, stack(0x000000001a410000,0x000000001a510000)]
  0x0000000017e8b800 JavaThread "Incoming local TCP Connector on port 8516" [_thread_in_native, id=16204, stack(0x000000001a230000,0x000000001a330000)]
  0x0000000017dbc800 JavaThread "Service Thread" daemon [_thread_blocked, id=512, stack(0x0000000018660000,0x0000000018760000)]
  0x0000000017dba800 JavaThread "C1 CompilerThread2" daemon [_thread_blocked, id=4716, stack(0x0000000018560000,0x0000000018660000)]
=>0x0000000016a5b800 JavaThread "C2 CompilerThread1" daemon [_thread_in_native, id=11348, stack(0x0000000018460000,0x0000000018560000)]
  0x0000000016a0b800 JavaThread "C2 CompilerThread0" daemon [_thread_in_native, id=5668, stack(0x0000000018360000,0x0000000018460000)]
  0x0000000016a58800 JavaThread "Attach Listener" daemon [_thread_blocked, id=11384, stack(0x0000000018260000,0x0000000018360000)]
  0x0000000017d68800 JavaThread "Signal Dispatcher" daemon [_thread_blocked, id=8484, stack(0x0000000018160000,0x0000000018260000)]
  0x000000000308b800 JavaThread "Finalizer" daemon [_thread_blocked, id=12040, stack(0x0000000017c60000,0x0000000017d60000)]
  0x0000000003080800 JavaThread "Reference Handler" daemon [_thread_blocked, id=9076, stack(0x0000000017b60000,0x0000000017c60000)]
  0x000000000297e000 JavaThread "main" [_thread_blocked, id=7196, stack(0x0000000002e90000,0x0000000002f90000)]

Other Threads:
  0x00000000169c7000 VMThread [stack: 0x0000000017a60000,0x0000000017b60000] [id=13832]
  0x0000000017dbf000 WatcherThread [stack: 0x0000000018760000,0x0000000018860000] [id=8124]

VM state:not at safepoint (normal execution)

VM Mutex/Monitor currently owned by a thread: None

Heap:
 PSYoungGen      total 129024K, used 49386K [0x00000000e0000000, 0x00000000ea000000, 0x0000000100000000)
  eden space 115200K, 34% used [0x00000000e0000000,0x00000000e26a74d0,0x00000000e7080000)
  from space 13824K, 70% used [0x00000000e7080000,0x00000000e7a13528,0x00000000e7e00000)
  to   space 14336K, 0% used [0x00000000e9200000,0x00000000e9200000,0x00000000ea000000)
 ParOldGen       total 97280K, used 25675K [0x00000000a0000000, 0x00000000a5f00000, 0x00000000e0000000)
  object space 97280K, 26% used [0x00000000a0000000,0x00000000a1912e78,0x00000000a5f00000)
 Metaspace       used 54545K, capacity 55872K, committed 55984K, reserved 1097728K
  class space    used 7387K, capacity 7769K, committed 7856K, reserved 1048576K

Card table byte_map: [0x0000000012450000,0x0000000012760000] byte_map_base: 0x0000000011f50000

Marking Bits: (ParMarkBitMap*) 0x000000005fe65aa0
 Begin Bits: [0x0000000012d60000, 0x0000000014560000)
 End Bits:   [0x0000000014560000, 0x0000000015d60000)

Polling page: 0x00000000009c0000

CodeCache: size=245760Kb used=16211Kb max_used=16580Kb free=229548Kb
 bounds [0x0000000003090000, 0x00000000040f0000, 0x0000000012090000]
 total_blobs=5546 nmethods=4770 adapters=689
 compilation: enabled

Compilation events (10 events):
Event: 41.613 Thread 0x0000000016a5b800 nmethod 5293 0x00000000031dcd50 code [0x00000000031dcea0, 0x00000000031dd108]
Event: 41.614 Thread 0x0000000017dba800 5296       3       java.util.LinkedList$ListItr::set (28 bytes)
Event: 41.615 Thread 0x0000000017dba800 nmethod 5296 0x0000000003215f10 code [0x00000000032160a0, 0x00000000032164f8]
Event: 41.615 Thread 0x0000000016a5b800 5298       4       org.codehaus.groovy.util.SingleKeyHashMap::get (67 bytes)
Event: 41.615 Thread 0x0000000017dba800 5297   !   3       org.codehaus.groovy.reflection.CachedClass::makeAccessible (92 bytes)
Event: 41.616 Thread 0x0000000017dba800 nmethod 5297 0x0000000003317f10 code [0x0000000003318140, 0x0000000003318ee8]
Event: 41.626 Thread 0x0000000016a5b800 nmethod 5298 0x000000000321cd50 code [0x000000000321cec0, 0x000000000321d368]
Event: 41.633 Thread 0x0000000016a5b800 5299       4       java.lang.Class::privateGetMethodRecursive (130 bytes)
Event: 41.635 Thread 0x0000000017dba800 5300       3       org.codehaus.groovy.util.AbstractConcurrentMapBase$Segment::put (87 bytes)
Event: 41.636 Thread 0x0000000017dba800 nmethod 5300 0x00000000034d5ed0 code [0x00000000034d60c0, 0x00000000034d6ec8]

GC Heap History (10 events):
Event: 29.167 GC heap before
{Heap before GC invocations=9 (full 1):
 PSYoungGen      total 70656K, used 66310K [0x00000000e0000000, 0x00000000e6c00000, 0x0000000100000000)
  eden space 59392K, 99% used [0x00000000e0000000,0x00000000e39e2c20,0x00000000e3a00000)
  from space 11264K, 62% used [0x00000000e3a00000,0x00000000e40deea8,0x00000000e4500000)
  to   space 11264K, 0% used [0x00000000e6100000,0x00000000e6100000,0x00000000e6c00000)
 ParOldGen       total 61440K, used 9881K [0x00000000a0000000, 0x00000000a3c00000, 0x00000000e0000000)
  object space 61440K, 16% used [0x00000000a0000000,0x00000000a09a6560,0x00000000a3c00000)
 Metaspace       used 31574K, capacity 32182K, committed 32304K, reserved 1077248K
  class space    used 4419K, capacity 4610K, committed 4656K, reserved 1048576K
Event: 29.185 GC heap after
Heap after GC invocations=9 (full 1):
 PSYoungGen      total 98304K, used 10143K [0x00000000e0000000, 0x00000000e7480000, 0x0000000100000000)
  eden space 87040K, 0% used [0x00000000e0000000,0x00000000e0000000,0x00000000e5500000)
  from space 11264K, 90% used [0x00000000e6100000,0x00000000e6ae7ff0,0x00000000e6c00000)
  to   space 12288K, 0% used [0x00000000e5500000,0x00000000e5500000,0x00000000e6100000)
 ParOldGen       total 61440K, used 9889K [0x00000000a0000000, 0x00000000a3c00000, 0x00000000e0000000)
  object space 61440K, 16% used [0x00000000a0000000,0x00000000a09a8560,0x00000000a3c00000)
 Metaspace       used 31574K, capacity 32182K, committed 32304K, reserved 1077248K
  class space    used 4419K, capacity 4610K, committed 4656K, reserved 1048576K
}
Event: 30.818 GC heap before
{Heap before GC invocations=10 (full 1):
 PSYoungGen      total 98304K, used 29277K [0x00000000e0000000, 0x00000000e7480000, 0x0000000100000000)
  eden space 87040K, 21% used [0x00000000e0000000,0x00000000e12af728,0x00000000e5500000)
  from space 11264K, 90% used [0x00000000e6100000,0x00000000e6ae7ff0,0x00000000e6c00000)
  to   space 12288K, 0% used [0x00000000e5500000,0x00000000e5500000,0x00000000e6100000)
 ParOldGen       total 61440K, used 9889K [0x00000000a0000000, 0x00000000a3c00000, 0x00000000e0000000)
  object space 61440K, 16% used [0x00000000a0000000,0x00000000a09a8560,0x00000000a3c00000)
 Metaspace       used 34696K, capacity 35380K, committed 35496K, reserved 1079296K
  class space    used 4838K, capacity 5082K, committed 5168K, reserved 1048576K
Event: 30.835 GC heap after
Heap after GC invocations=10 (full 1):
 PSYoungGen      total 99328K, used 8192K [0x00000000e0000000, 0x00000000e8b80000, 0x0000000100000000)
  eden space 87040K, 0% used [0x00000000e0000000,0x00000000e0000000,0x00000000e5500000)
  from space 12288K, 66% used [0x00000000e5500000,0x00000000e5d002a8,0x00000000e6100000)
  to   space 12288K, 0% used [0x00000000e7f80000,0x00000000e7f80000,0x00000000e8b80000)
 ParOldGen       total 61440K, used 11585K [0x00000000a0000000, 0x00000000a3c00000, 0x00000000e0000000)
  object space 61440K, 18% used [0x00000000a0000000,0x00000000a0b50710,0x00000000a3c00000)
 Metaspace       used 34696K, capacity 35380K, committed 35496K, reserved 1079296K
  class space    used 4838K, capacity 5082K, committed 5168K, reserved 1048576K
}
Event: 30.835 GC heap before
{Heap before GC invocations=11 (full 2):
 PSYoungGen      total 99328K, used 8192K [0x00000000e0000000, 0x00000000e8b80000, 0x0000000100000000)
  eden space 87040K, 0% used [0x00000000e0000000,0x00000000e0000000,0x00000000e5500000)
  from space 12288K, 66% used [0x00000000e5500000,0x00000000e5d002a8,0x00000000e6100000)
  to   space 12288K, 0% used [0x00000000e7f80000,0x00000000e7f80000,0x00000000e8b80000)
 ParOldGen       total 61440K, used 11585K [0x00000000a0000000, 0x00000000a3c00000, 0x00000000e0000000)
  object space 61440K, 18% used [0x00000000a0000000,0x00000000a0b50710,0x00000000a3c00000)
 Metaspace       used 34696K, capacity 35380K, committed 35496K, reserved 1079296K
  class space    used 4838K, capacity 5082K, committed 5168K, reserved 1048576K
Event: 31.082 GC heap after
Heap after GC invocations=11 (full 2):
 PSYoungGen      total 99328K, used 0K [0x00000000e0000000, 0x00000000e8b80000, 0x0000000100000000)
  eden space 87040K, 0% used [0x00000000e0000000,0x00000000e0000000,0x00000000e5500000)
  from space 12288K, 0% used [0x00000000e5500000,0x00000000e5500000,0x00000000e6100000)
  to   space 12288K, 0% used [0x00000000e7f80000,0x00000000e7f80000,0x00000000e8b80000)
 ParOldGen       total 97280K, used 16937K [0x00000000a0000000, 0x00000000a5f00000, 0x00000000e0000000)
  object space 97280K, 17% used [0x00000000a0000000,0x00000000a108a6e8,0x00000000a5f00000)
 Metaspace       used 34696K, capacity 35380K, committed 35496K, reserved 1079296K
  class space    used 4838K, capacity 5082K, committed 5168K, reserved 1048576K
}
Event: 34.382 GC heap before
{Heap before GC invocations=12 (full 2):
 PSYoungGen      total 99328K, used 87040K [0x00000000e0000000, 0x00000000e8b80000, 0x0000000100000000)
  eden space 87040K, 100% used [0x00000000e0000000,0x00000000e5500000,0x00000000e5500000)
  from space 12288K, 0% used [0x00000000e5500000,0x00000000e5500000,0x00000000e6100000)
  to   space 12288K, 0% used [0x00000000e7f80000,0x00000000e7f80000,0x00000000e8b80000)
 ParOldGen       total 97280K, used 16937K [0x00000000a0000000, 0x00000000a5f00000, 0x00000000e0000000)
  object space 97280K, 17% used [0x00000000a0000000,0x00000000a108a6e8,0x00000000a5f00000)
 Metaspace       used 42312K, capacity 43212K, committed 43440K, reserved 1087488K
  class space    used 5730K, capacity 6037K, committed 6064K, reserved 1048576K
Event: 34.441 GC heap after
Heap after GC invocations=12 (full 2):
 PSYoungGen      total 120320K, used 12278K [0x00000000e0000000, 0x00000000e8b80000, 0x0000000100000000)
  eden space 108032K, 0% used [0x00000000e0000000,0x00000000e0000000,0x00000000e6980000)
  from space 12288K, 99% used [0x00000000e7f80000,0x00000000e8b7d9d0,0x00000000e8b80000)
  to   space 13824K, 0% used [0x00000000e7080000,0x00000000e7080000,0x00000000e7e00000)
 ParOldGen       total 97280K, used 18131K [0x00000000a0000000, 0x00000000a5f00000, 0x00000000e0000000)
  object space 97280K, 18% used [0x00000000a0000000,0x00000000a11b4cc0,0x00000000a5f00000)
 Metaspace       used 42312K, capacity 43212K, committed 43440K, reserved 1087488K
  class space    used 5730K, capacity 6037K, committed 6064K, reserved 1048576K
}
Event: 39.523 GC heap before
{Heap before GC invocations=13 (full 2):
 PSYoungGen      total 120320K, used 120310K [0x00000000e0000000, 0x00000000e8b80000, 0x0000000100000000)
  eden space 108032K, 100% used [0x00000000e0000000,0x00000000e6980000,0x00000000e6980000)
  from space 12288K, 99% used [0x00000000e7f80000,0x00000000e8b7d9d0,0x00000000e8b80000)
  to   space 13824K, 0% used [0x00000000e7080000,0x00000000e7080000,0x00000000e7e00000)
 ParOldGen       total 97280K, used 18131K [0x00000000a0000000, 0x00000000a5f00000, 0x00000000e0000000)
  object space 97280K, 18% used [0x00000000a0000000,0x00000000a11b4cc0,0x00000000a5f00000)
 Metaspace       used 51591K, capacity 52764K, committed 52912K, reserved 1095680K
  class space    used 6973K, capacity 7327K, committed 7344K, reserved 1048576K
Event: 39.606 GC heap after
Heap after GC invocations=13 (full 2):
 PSYoungGen      total 129024K, used 9805K [0x00000000e0000000, 0x00000000ea000000, 0x0000000100000000)
  eden space 115200K, 0% used [0x00000000e0000000,0x00000000e0000000,0x00000000e7080000)
  from space 13824K, 70% used [0x00000000e7080000,0x00000000e7a13528,0x00000000e7e00000)
  to   space 14336K, 0% used [0x00000000e9200000,0x00000000e9200000,0x00000000ea000000)
 ParOldGen       total 97280K, used 25675K [0x00000000a0000000, 0x00000000a5f00000, 0x00000000e0000000)
  object space 97280K, 26% used [0x00000000a0000000,0x00000000a1912e78,0x00000000a5f00000)
 Metaspace       used 51591K, capacity 52764K, committed 52912K, reserved 1095680K
  class space    used 6973K, capacity 7327K, committed 7344K, reserved 1048576K
}

Deoptimization events (10 events):
Event: 34.834 Thread 0x0000000017e5a000 Uncommon trap: reason=unstable_if action=reinterpret pc=0x00000000038deb9c method=groovy.lang.MetaClassImpl$1MOPIter.methodNameAction(Ljava/lang/Class;Lorg/codehaus/groovy/runtime/metaclass/MetaMethodIndex$Entry;)V @ 259
Event: 34.844 Thread 0x0000000017e5a000 Uncommon trap: reason=bimorphic action=maybe_recompile pc=0x0000000003d5910c method=groovy.lang.MetaClassImpl.filterPropertyMethod(Ljava/lang/Object;ZZ)Ljava/lang/Object; @ 165
Event: 34.856 Thread 0x0000000017e5a000 Uncommon trap: reason=unstable_if action=reinterpret pc=0x0000000003c59844 method=java.lang.ClassLoader.checkCerts(Ljava/lang/String;Ljava/security/CodeSource;)V @ 29
Event: 34.856 Thread 0x0000000017e5a000 Uncommon trap: reason=unstable_if action=reinterpret pc=0x0000000003c60d94 method=java.lang.ClassLoader.defineClassSourceLocation(Ljava/security/ProtectionDomain;)Ljava/lang/String; @ 8
Event: 34.881 Thread 0x0000000017e5a000 Uncommon trap: reason=bimorphic action=maybe_recompile pc=0x00000000038bb458 method=java.util.WeakHashMap.eq(Ljava/lang/Object;Ljava/lang/Object;)Z @ 7
Event: 36.432 Thread 0x0000000017e5a000 Uncommon trap: reason=unstable_if action=reinterpret pc=0x00000000035f6eb0 method=java.io.DataInputStream.readUTF(Ljava/io/DataInput;)Ljava/lang/String; @ 31
Event: 36.801 Thread 0x0000000017e5a000 Uncommon trap: reason=unstable_if action=reinterpret pc=0x00000000035cd1d0 method=java.util.WeakHashMap.remove(Ljava/lang/Object;)Ljava/lang/Object; @ 94
Event: 36.848 Thread 0x0000000017e5a000 Uncommon trap: reason=unstable_if action=reinterpret pc=0x00000000037af2e8 method=java.util.regex.Pattern$BmpCharProperty.match(Ljava/util/regex/Matcher;ILjava/lang/CharSequence;)Z @ 34
Event: 38.095 Thread 0x0000000017e5a000 Uncommon trap: reason=unstable_if action=reinterpret pc=0x0000000003e51374 method=com.sun.org.apache.xerces.internal.impl.XMLEntityScanner.checkBeforeLoad(Lcom/sun/xml/internal/stream/Entity$ScannedEntity;II)I @ 18
Event: 39.253 Thread 0x0000000017e5a000 Uncommon trap: reason=unstable_if action=reinterpret pc=0x000000000361f5a4 method=java.lang.String.lastIndexOf([CII[CIII)I @ 17

Classes redefined (0 events):
No events

Internal exceptions (10 events):
Event: 38.217 Thread 0x0000000017e5a000 Exception <a 'java/lang/NoSuchMethodError': java.lang.Object.lambda$thenComparing$36697e65$1(Ljava/util/Comparator;Ljava/lang/Object;Ljava/lang/Object;)I> (0x00000000e50ee758) thrown at [D:\src\AOSP-openjdk-cygwin\jdk8u\hotspot\src\share\vm\interpreter\li
Event: 38.279 Thread 0x0000000017e5a000 Exception <a 'java/lang/NoSuchMethodError': java.lang.Object.lambda$maxBy$1(Ljava/util/Comparator;Ljava/lang/Object;Ljava/lang/Object;)Ljava/lang/Object;> (0x00000000e5261bd8) thrown at [D:\src\AOSP-openjdk-cygwin\jdk8u\hotspot\src\share\vm\interpreter\li
Event: 38.705 Thread 0x0000000017e5a000 Exception <a 'java/lang/ClassNotFoundException': org/gradle/api/plugins/BasePluginConventionBeanInfo> (0x00000000e595ada8) thrown at [D:\src\AOSP-openjdk-cygwin\jdk8u\hotspot\src\share\vm\classfile\systemDictionary.cpp, line 210]
Event: 38.706 Thread 0x0000000017e5a000 Exception <a 'java/lang/ClassNotFoundException': org/gradle/api/plugins/BasePluginConventionCustomizer> (0x00000000e5981d20) thrown at [D:\src\AOSP-openjdk-cygwin\jdk8u\hotspot\src\share\vm\classfile\systemDictionary.cpp, line 210]
Event: 41.599 Thread 0x0000000017e5a000 Exception <a 'java/lang/ClassNotFoundException': com/android/build/gradle/internal/api/ApkVariantOutputImpl_DecoratedBeanInfo> (0x00000000e2432778) thrown at [D:\src\AOSP-openjdk-cygwin\jdk8u\hotspot\src\share\vm\classfile\systemDictionary.cpp, line 210]
Event: 41.601 Thread 0x0000000017e5a000 Exception <a 'java/lang/ClassNotFoundException': com/android/build/gradle/internal/api/ApkVariantOutputImplBeanInfo> (0x00000000e244c348) thrown at [D:\src\AOSP-openjdk-cygwin\jdk8u\hotspot\src\share\vm\classfile\systemDictionary.cpp, line 210]
Event: 41.602 Thread 0x0000000017e5a000 Exception <a 'java/lang/ClassNotFoundException': com/android/build/gradle/internal/api/BaseVariantOutputImplBeanInfo> (0x00000000e2466df8) thrown at [D:\src\AOSP-openjdk-cygwin\jdk8u\hotspot\src\share\vm\classfile\systemDictionary.cpp, line 210]
Event: 41.603 Thread 0x0000000017e5a000 Exception <a 'java/lang/ClassNotFoundException': com/android/build/gradle/internal/api/BaseVariantOutputImplCustomizer> (0x00000000e2481fb8) thrown at [D:\src\AOSP-openjdk-cygwin\jdk8u\hotspot\src\share\vm\classfile\systemDictionary.cpp, line 210]
Event: 41.610 Thread 0x0000000017e5a000 Exception <a 'java/lang/ClassNotFoundException': com/android/build/gradle/internal/api/ApkVariantOutputImplCustomizer> (0x00000000e24bec40) thrown at [D:\src\AOSP-openjdk-cygwin\jdk8u\hotspot\src\share\vm\classfile\systemDictionary.cpp, line 210]
Event: 41.613 Thread 0x0000000017e5a000 Exception <a 'java/lang/ClassNotFoundException': com/android/build/gradle/internal/api/ApkVariantOutputImpl_DecoratedCustomizer> (0x00000000e24edfa0) thrown at [D:\src\AOSP-openjdk-cygwin\jdk8u\hotspot\src\share\vm\classfile\systemDictionary.cpp, line 210

Events (10 events):
Event: 41.637 Thread 0x0000000017dba800 flushing nmethod 0x000000000379d910
Event: 41.637 Thread 0x0000000017dba800 flushing nmethod 0x00000000037aab50
Event: 41.637 Thread 0x0000000017dba800 flushing nmethod 0x00000000037ab610
Event: 41.637 Thread 0x0000000017dba800 flushing nmethod 0x00000000037ad410
Event: 41.637 Thread 0x0000000017dba800 flushing nmethod 0x00000000037afed0
Event: 41.637 Thread 0x0000000017dba800 flushing nmethod 0x00000000037b0e50
Event: 41.637 Thread 0x0000000017dba800 flushing nmethod 0x00000000037b6fd0
Event: 41.637 Thread 0x0000000017dba800 flushing nmethod 0x00000000037b9a50
Event: 41.637 Thread 0x0000000017dba800 flushing nmethod 0x00000000037c2550
Event: 41.637 Thread 0x0000000017dba800 flushing nmethod 0x00000000037d68d0


Dynamic libraries:
0x00007ff7a76a0000 - 0x00007ff7a76d1000 	C:\Program Files\Android\Android Studio\jre\bin\java.exe
0x00007ff9df0e0000 - 0x00007ff9df2cd000 	C:\Windows\SYSTEM32\ntdll.dll
0x00007ff9de9a0000 - 0x00007ff9dea53000 	C:\Windows\System32\KERNEL32.DLL
0x00007ff9dbe60000 - 0x00007ff9dc0f3000 	C:\Windows\System32\KERNELBASE.dll
0x00007ff9dc7e0000 - 0x00007ff9dc883000 	C:\Windows\System32\ADVAPI32.dll
0x00007ff9de0e0000 - 0x00007ff9de17e000 	C:\Windows\System32\msvcrt.dll
0x00007ff9dcae0000 - 0x00007ff9dcb7e000 	C:\Windows\System32\sechost.dll
0x00007ff9def80000 - 0x00007ff9df0a2000 	C:\Windows\System32\RPCRT4.dll
0x00007ff9dc310000 - 0x00007ff9dc4a7000 	C:\Windows\System32\USER32.dll
0x00007ff9dc2f0000 - 0x00007ff9dc310000 	C:\Windows\System32\win32u.dll
0x00007ff9de290000 - 0x00007ff9de2b9000 	C:\Windows\System32\GDI32.dll
0x00007ff9db390000 - 0x00007ff9db529000 	C:\Windows\System32\gdi32full.dll
0x00007ff9dc250000 - 0x00007ff9dc2f0000 	C:\Windows\System32\msvcp_win.dll
0x00007ff9dc150000 - 0x00007ff9dc24a000 	C:\Windows\System32\ucrtbase.dll
0x00007ff9cf980000 - 0x00007ff9cfbf9000 	C:\Windows\WinSxS\amd64_microsoft.windows.common-controls_6595b64144ccf1df_6.0.17763.615_none_05b4414a072024d4\COMCTL32.dll
0x00007ff9dc4b0000 - 0x00007ff9dc7dc000 	C:\Windows\System32\combase.dll
0x00007ff9dbc80000 - 0x00007ff9dbcfe000 	C:\Windows\System32\bcryptPrimitives.dll
0x00007ff9de1f0000 - 0x00007ff9de21e000 	C:\Windows\System32\IMM32.DLL
0x0000000061050000 - 0x0000000061122000 	C:\Program Files\Android\Android Studio\jre\jre\bin\msvcr100.dll
0x000000005f6a0000 - 0x000000005fee1000 	C:\Program Files\Android\Android Studio\jre\jre\bin\server\jvm.dll
0x00007ff9dcbe0000 - 0x00007ff9dcbe8000 	C:\Windows\System32\PSAPI.DLL
0x00007ff9cb040000 - 0x00007ff9cb049000 	C:\Windows\SYSTEM32\WSOCK32.dll
0x00007ff9de180000 - 0x00007ff9de1ed000 	C:\Windows\System32\WS2_32.dll
0x00007ff9d35a0000 - 0x00007ff9d35c4000 	C:\Windows\SYSTEM32\WINMM.dll
0x00007ff9d30a0000 - 0x00007ff9d30aa000 	C:\Windows\SYSTEM32\VERSION.dll
0x00007ff9d3570000 - 0x00007ff9d359d000 	C:\Windows\SYSTEM32\WINMMBASE.dll
0x00007ff9dbd60000 - 0x00007ff9dbdaa000 	C:\Windows\System32\cfgmgr32.dll
0x00007ff9d4ed0000 - 0x00007ff9d4edf000 	C:\Program Files\Android\Android Studio\jre\jre\bin\verify.dll
0x00007ff9d3730000 - 0x00007ff9d3759000 	C:\Program Files\Android\Android Studio\jre\jre\bin\java.dll
0x00007ff9d3710000 - 0x00007ff9d3726000 	C:\Program Files\Android\Android Studio\jre\jre\bin\zip.dll
0x00007ff9dcbf0000 - 0x00007ff9de0e0000 	C:\Windows\System32\SHELL32.dll
0x00007ff9de840000 - 0x00007ff9de8e8000 	C:\Windows\System32\shcore.dll
0x00007ff9db530000 - 0x00007ff9dbc7a000 	C:\Windows\System32\windows.storage.dll
0x00007ff9db140000 - 0x00007ff9db164000 	C:\Windows\System32\profapi.dll
0x00007ff9db0e0000 - 0x00007ff9db13d000 	C:\Windows\System32\powrprof.dll
0x00007ff9dc890000 - 0x00007ff9dc8e2000 	C:\Windows\System32\shlwapi.dll
0x00007ff9db170000 - 0x00007ff9db181000 	C:\Windows\System32\kernel.appcore.dll
0x00007ff9dc100000 - 0x00007ff9dc117000 	C:\Windows\System32\cryptsp.dll
0x00007ff9cebf0000 - 0x00007ff9cec0a000 	C:\Program Files\Android\Android Studio\jre\jre\bin\net.dll
0x00007ff9da950000 - 0x00007ff9da9b7000 	C:\Windows\system32\mswsock.dll
0x00007ff9cebb0000 - 0x00007ff9cebc1000 	C:\Program Files\Android\Android Studio\jre\jre\bin\nio.dll
0x00007ff9d0400000 - 0x00007ff9d041e000 	C:\Users\min\.gradle\native\25\windows-amd64\native-platform.dll
0x00007ff9d4ec0000 - 0x00007ff9d4ecd000 	C:\Program Files\Android\Android Studio\jre\jre\bin\management.dll
0x00007ff9da510000 - 0x00007ff9da543000 	C:\Windows\system32\rsaenh.dll
0x00007ff9dc120000 - 0x00007ff9dc146000 	C:\Windows\System32\bcrypt.dll
0x00007ff9db010000 - 0x00007ff9db038000 	C:\Windows\SYSTEM32\USERENV.dll
0x00007ff9dab20000 - 0x00007ff9dab2c000 	C:\Windows\SYSTEM32\CRYPTBASE.dll
0x00007ff9da6b0000 - 0x00007ff9da6ed000 	C:\Windows\SYSTEM32\IPHLPAPI.DLL
0x00007ff9dedc0000 - 0x00007ff9dedc8000 	C:\Windows\System32\NSI.dll
0x00007ff9d59d0000 - 0x00007ff9d59e6000 	C:\Windows\SYSTEM32\dhcpcsvc6.DLL
0x00007ff9d5e50000 - 0x00007ff9d5e6c000 	C:\Windows\SYSTEM32\dhcpcsvc.DLL
0x00007ff9da6f0000 - 0x00007ff9da7b6000 	C:\Windows\SYSTEM32\DNSAPI.dll

VM Arguments:
jvm_args: -Xmx1536m -Dfile.encoding=x-windows-949 -Duser.country=KR -Duser.language=ko -Duser.variant 
java_command: org.gradle.launcher.daemon.bootstrap.GradleDaemon 4.10.1
java_class_path (initial): C:\Users\min\.gradle\wrapper\dists\gradle-4.10.1-all\455itskqi2qtf0v2sja68alqd\gradle-4.10.1\lib\gradle-launcher-4.10.1.jar
Launcher Type: SUN_STANDARD

Environment Variables:
PATH=C:\Program Files (x86)\Intel\iCLS Client\;C:\Program Files\Intel\iCLS Client\;C:\Program Files (x86)\Common Files\Oracle\Java\javapath;C:\Windows\system32;C:\Windows;C:\Windows\System32\Wbem;C:\Windows\System32\WindowsPowerShell\v1.0\;C:\Windows\System32\OpenSSH\;C:\Program Files\Git\cmd;C:\Program Files (x86)\Intel\Intel(R) Management Engine Components\DAL;C:\Program Files\Intel\Intel(R) Management Engine Components\DAL;C:\Program Files (x86)\Intel\Intel(R) Management Engine Components\IPT;C:\Program Files\Intel\Intel(R) Management Engine Components\IPT;C:\Program Files\Microsoft SQL Server\130\Tools\Binn\;D:\Google\Cloud SDK\google-cloud-sdk\bin;C:\Users\min\AppData\Local\Programs\Python\Python35;C:\Users\min\AppData\Local\Programs\Python\Python35\Scripts;C:\Users\min\AppData\Local\Programs\Python\Launcher\;C:\Users\min\AppData\Roaming\local\bin;C:\Users\min\AppData\Local\Microsoft\WindowsApps;C:\Users\min\AppData\Local\GitHubDesktop\bin;C:\Program Files\Bandizip\;C:\Users\min\AppData\Local\atom\bin;D:\opencv\build\x64\vc14\bin;D:\Google\Cloud SDK\google-cloud-sdk\bin
USERNAME=min
OS=Windows_NT
PROCESSOR_IDENTIFIER=Intel64 Family 6 Model 61 Stepping 4, GenuineIntel



---------------  S Y S T E M  ---------------

OS: Windows 10.0 , 64 bit Build 17763 (10.0.17763.475)

CPU:total 4 (initial active 4) (2 cores per cpu, 2 threads per core) family 6 model 61 stepping 4, cmov, cx8, fxsr, mmx, sse, sse2, sse3, ssse3, sse4.1, sse4.2, popcnt, avx, avx2, aes, clmul, erms, 3dnowpref, lzcnt, ht, tsc, tscinvbit, bmi1, bmi2, adx

Memory: 4k page, physical 8284612k(384564k free), swap 23855936k(17064k free)

vm_info: OpenJDK 64-Bit Server VM (25.152-b01) for windows-amd64 JRE (1.8.0_152-release-1248-b01), built by "builder" with MS VC++ 10.0 (VS2010)

time: Sat Jul 20 15:53:57 2019
elapsed time: 41 seconds (0d 0h 0m 41s)

